
> digital_school@0.1.0 build
> npx prisma generate && next build

Environment variables loaded from .env
Prisma schema loaded from prisma/schema.prisma

✔ Generated Prisma Client (v6.10.1) to ./node_modules/@prisma/client in 106ms

Start by importing your Prisma Client (See: https://pris.ly/d/importing-client)

Tip: Need your database queries to be 1000x faster? Accelerate offers you that and more: https://pris.ly/tip-2-accelerate

 ⚠ Mismatching @next/swc version, detected: 15.5.7 while Next.js is on 15.5.11. Please ensure these match
   ▲ Next.js 15.5.11
   - Environments: .env
   - Experiments (use with caution):
     ✓ scrollRestoration
     · optimizePackageImports

   Creating an optimized production build ...
> [PWA] Compile server
> [PWA] Compile server
> [PWA] Compile client (static)
> [PWA] Auto register service worker with: /Users/md.rofazhasanrafiu/coding/digital_school/digital_school/node_modules/next-pwa/register.js
> [PWA] Service worker: /Users/md.rofazhasanrafiu/coding/digital_school/digital_school/public/sw.js
> [PWA]   url: /sw.js
> [PWA]   scope: /
 ✓ Compiled successfully in 7.1s
   Skipping validation of types
   Skipping linting
   Collecting page data ...
   Generating static pages (0/90) ...
   Generating static pages (22/90) 
   Generating static pages (44/90) 
Example 1: {
  "id": "custom-diagram",
  "width": 600,
  "height": 400,
  "points": [
    {
      "id": "center",
      "x": 300,
      "y": 200,
      "label": "O"
    }
  ],
  "forces": [
    {
      "id": "f1",
      "pointId": "center",
      "magnitude": 80,
      "angle": 0,
      "label": "F₁",
      "type": "applied"
    },
    {
      "id": "f2",
      "pointId": "center",
      "magnitude": 60,
      "angle": 90,
      "label": "F₂",
      "type": "applied"
    },
    {
      "id": "f3",
      "pointId": "center",
      "magnitude": 70,
      "angle": 180,
      "label": "F₃",
      "type": "applied"
    },
    {
      "id": "f4",
      "pointId": "center",
      "magnitude": 50,
      "angle": 270,
      "label": "mg",
      "type": "weight"
    }
  ],
  "moments": [],
  "showAxes": true,
  "showGrid": false,
  "showAngles": true,
  "body": {
    "type": "point",
    "centerX": 300,
    "centerY": 200
  },
  "customSVG": "<svg width=\"100%\" height=\"auto\" viewBox=\"0 0 600 400\" preserveAspectRatio=\"xMidYMid meet\" xmlns=\"http://www.w3.org/2000/svg\" class=\"fbd-diagram responsive-svg\" id=\"custom-diagram\" style=\"max-width: 600px; background-color: transparent;\">\n        <style>\n            .fbd-diagram text { \n                font-family: 'Inter', 'Kalpurush', 'SolaimanLipi', -apple-system, BlinkMacSystemFont, \"Segoe UI\", Roboto, Helvetica, Arial, sans-serif; \n            }\n            .fbd-diagram .math-label { font-family: 'STIX Two Math', 'Latin Modern Math', serif; font-style: italic; }\n        </style>\n        \n  <defs>\n    <!-- 3D Sphere/Cell Gradient -->\n    <radialGradient id=\"grad-cell-3d\" cx=\"30%\" cy=\"30%\" r=\"70%\" fx=\"30%\" fy=\"30%\">\n      <stop offset=\"0%\" stop-color=\"#ffffff\" stop-opacity=\"0.8\" />\n      <stop offset=\"100%\" stop-color=\"#3498db\" stop-opacity=\"0.9\" />\n    </radialGradient>\n\n    <!-- Generic Sphere (White/Gray) - Hydrogen -->\n    <radialGradient id=\"grad-sphere-white\" cx=\"30%\" cy=\"30%\" r=\"70%\" fx=\"30%\" fy=\"30%\">\n      <stop offset=\"0%\" stop-color=\"#ffffff\" />\n      <stop offset=\"100%\" stop-color=\"#94a3b8\" />\n    </radialGradient>\n\n    <!-- Carbon (Black/Gray) -->\n    <radialGradient id=\"grad-sphere-black\" cx=\"30%\" cy=\"30%\" r=\"70%\" fx=\"30%\" fy=\"30%\">\n      <stop offset=\"0%\" stop-color=\"#475569\" />\n      <stop offset=\"100%\" stop-color=\"#0f172a\" />\n    </radialGradient>\n\n    <!-- Oxygen (Red) -->\n    <radialGradient id=\"grad-sphere-red\" cx=\"30%\" cy=\"30%\" r=\"70%\" fx=\"30%\" fy=\"30%\">\n      <stop offset=\"0%\" stop-color=\"#fca5a5\" />\n      <stop offset=\"100%\" stop-color=\"#b91c1c\" />\n    </radialGradient>\n\n    <!-- Nitrogen (Blue) -->\n    <radialGradient id=\"grad-sphere-blue\" cx=\"30%\" cy=\"30%\" r=\"70%\" fx=\"30%\" fy=\"30%\">\n      <stop offset=\"0%\" stop-color=\"#93c5fd\" />\n      <stop offset=\"100%\" stop-color=\"#1d4ed8\" />\n    </radialGradient>\n\n    <!-- Sulfur (Yellow) -->\n    <radialGradient id=\"grad-sphere-yellow\" cx=\"30%\" cy=\"30%\" r=\"70%\" fx=\"30%\" fy=\"30%\">\n      <stop offset=\"0%\" stop-color=\"#fde047\" />\n      <stop offset=\"100%\" stop-color=\"#ca8a04\" />\n    </radialGradient>\n\n    <!-- Chlorine (Green) -->\n    <radialGradient id=\"grad-sphere-green\" cx=\"30%\" cy=\"30%\" r=\"70%\" fx=\"30%\" fy=\"30%\">\n      <stop offset=\"0%\" stop-color=\"#86efac\" />\n      <stop offset=\"100%\" stop-color=\"#15803d\" />\n    </radialGradient>\n\n    <!-- Generic Metal (Silver/Metallic) -->\n    <linearGradient id=\"grad-metal\" x1=\"0%\" y1=\"0%\" x2=\"100%\" y2=\"100%\">\n      <stop offset=\"0%\" stop-color=\"#f1f5f9\" />\n      <stop offset=\"50%\" stop-color=\"#cbd5e1\" />\n      <stop offset=\"100%\" stop-color=\"#64748b\" />\n    </linearGradient>\n\n    <!-- Charge Positive (Red Glow) -->\n    <radialGradient id=\"grad-charge-pos\" cx=\"30%\" cy=\"30%\" r=\"70%\">\n      <stop offset=\"0%\" stop-color=\"#fca5a5\" />\n      <stop offset=\"100%\" stop-color=\"#ef4444\" />\n    </radialGradient>\n\n    <!-- Charge Negative (Blue Glow) -->\n    <radialGradient id=\"grad-charge-neg\" cx=\"30%\" cy=\"30%\" r=\"70%\">\n      <stop offset=\"0%\" stop-color=\"#93c5fd\" />\n      <stop offset=\"100%\" stop-color=\"#3b82f6\" />\n    </radialGradient>\n\n    <!-- Generic 3D Sphere (Gray) -->\n    <radialGradient id=\"grad-sphere\" cx=\"30%\" cy=\"30%\" r=\"70%\" fx=\"30%\" fy=\"30%\">\n      <stop offset=\"0%\" stop-color=\"#e2e8f0\" />\n      <stop offset=\"100%\" stop-color=\"#475569\" />\n    </radialGradient>\n\n    <!-- Bio Organic Gradient -->\n    <radialGradient id=\"grad-bio-soft\" cx=\"50%\" cy=\"50%\" r=\"50%\">\n      <stop offset=\"0%\" stop-color=\"#a8e063\" />\n      <stop offset=\"100%\" stop-color=\"#56ab2f\" />\n    </radialGradient>\n\n    <!-- DNA Helix Glow -->\n    <filter id=\"dna-glow\" x=\"-20%\" y=\"-20%\" width=\"140%\" height=\"140%\">\n      <feGaussianBlur stdDeviation=\"1.5\" result=\"blur\" />\n      <feComposite in=\"SourceGraphic\" in2=\"blur\" operator=\"over\" />\n    </filter>\n\n    <!-- Paper/Technical Grid Filter -->\n    <pattern id=\"minorGrid\" width=\"10\" height=\"10\" patternUnits=\"userSpaceOnUse\">\n      <path d=\"M 10 0 L 0 0 0 10\" fill=\"none\" stroke=\"#f1f5f9\" stroke-width=\"0.5\"/>\n    </pattern>\n    <pattern id=\"majorGrid\" width=\"50\" height=\"50\" patternUnits=\"userSpaceOnUse\">\n      <path d=\"M 50 0 L 0 0 0 50\" fill=\"none\" stroke=\"#e2e8f0\" stroke-width=\"1\"/>\n    </pattern>\n\n    <!-- Professional Shadow -->\n    <filter id=\"soft-shadow\" x=\"-10%\" y=\"-10%\" width=\"120%\" height=\"120%\">\n      <feGaussianBlur in=\"SourceAlpha\" stdDeviation=\"2\" />\n      <feOffset dx=\"1\" dy=\"1\" result=\"offsetblur\" />\n      <feComponentTransfer>\n        <feFuncA type=\"linear\" slope=\"0.3\" />\n      </feComponentTransfer>\n      <feMerge>\n        <feMergeNode />\n        <feMergeNode in=\"SourceGraphic\" />\n      </feMerge>\n    </filter>\n\n    <!-- Glassmorphism Effect -->\n    <linearGradient id=\"glass-grad\" x1=\"0%\" y1=\"0%\" x2=\"100%\" y2=\"100%\">\n      <stop offset=\"0%\" stop-color=\"rgba(255,255,255,0.4)\" />\n      <stop offset=\"100%\" stop-color=\"rgba(255,255,255,0.1)\" />\n    </linearGradient>\n\n    <!-- Professional Arrow Markers (High Visibility) -->\n    <marker id=\"arrowhead\" markerWidth=\"10\" markerHeight=\"7\" \n            refX=\"9\" refY=\"3.5\" orient=\"auto\">\n      <polygon points=\"0 0, 10 3.5, 0 7\" fill=\"context-stroke\" />\n    </marker>\n    \n    <marker id=\"arrowhead-heavy\" markerWidth=\"6\" markerHeight=\"6\" \n            refX=\"5\" refY=\"3\" orient=\"auto\">\n      <path d=\"M0,0 L6,3 L0,6 Z\" fill=\"context-stroke\" />\n    </marker>\n\n    <!-- Vector Glow for visibility -->\n    <filter id=\"vector-glow\" x=\"-20%\" y=\"-20%\" width=\"140%\" height=\"140%\">\n      <feGaussianBlur stdDeviation=\"0.8\" result=\"blur\" />\n      <feFlood flood-color=\"white\" flood-opacity=\"0.5\" result=\"glowColor\" />\n      <feComposite in=\"glowColor\" in2=\"blur\" operator=\"in\" result=\"softGlow\" />\n      <feMerge>\n        <feMergeNode in=\"softGlow\" />\n        <feMergeNode in=\"SourceGraphic\" />\n      </feMerge>\n    </filter>\n  </defs>\n<circle cx=\"300\" cy=\"200\" r=\"2\" fill=\"#000\" />\n            <text x=\"305\" y=\"195\" font-size=\"12\">O</text>\n        <g class=\"force-vector\" filter=\"url(#vector-glow)\">\n            <line x1=\"300\" y1=\"200\" x2=\"380\" y2=\"200\" \n                  stroke=\"#F59E0B\" stroke-width=\"2.5\" stroke-linecap=\"round\"\n                  marker-end=\"url(#arrowhead)\" />\n            <text x=\"395\" y=\"200\" fill=\"#F59E0B\" font-size=\"14\" font-family=\"serif\" font-style=\"italic\" text-anchor=\"middle\" dominant-baseline=\"middle\" class=\"bilingual-label\">F₁</text>\n        </g>\n    \n        <g class=\"force-vector\" filter=\"url(#vector-glow)\">\n            <line x1=\"300\" y1=\"200\" x2=\"300\" y2=\"140\" \n                  stroke=\"#F59E0B\" stroke-width=\"2.5\" stroke-linecap=\"round\"\n                  marker-end=\"url(#arrowhead)\" />\n            <text x=\   Generating static pages (67/90) 
"300\" y=\"125\" fill=\"#F59E0B\" font-size=\"14\" font-family=\"serif\" font-style=\"italic\" text-anchor=\"middle\" dominant-baseline=\"middle\" class=\"bilingual-label\">F₂</text>\n        </g>\n    \n        <g class=\"force-vector\" filter=\"url(#vector-glow)\">\n            <line x1=\"300\" y1=\"200\" x2=\"230\" y2=\"200\" \n                  stroke=\"#F59E0B\" stroke-width=\"2.5\" stroke-linecap=\"round\"\n                  marker-end=\"url(#arrowhead)\" />\n            <text x=\"215\" y=\"200\" fill=\"#F59E0B\" font-size=\"14\" font-family=\"serif\" font-style=\"italic\" text-anchor=\"middle\" dominant-baseline=\"middle\" class=\"bilingual-label\">F₃</text>\n        </g>\n    \n        <g class=\"force-vector\" filter=\"url(#vector-glow)\">\n            <line x1=\"300\" y1=\"200\" x2=\"300\" y2=\"250\" \n                  stroke=\"#3B82F6\" stroke-width=\"2.5\" stroke-linecap=\"round\"\n                  marker-end=\"url(#arrowhead)\" />\n            <text x=\"300\" y=\"265\" fill=\"#3B82F6\" font-size=\"14\" font-family=\"serif\" font-style=\"italic\" text-anchor=\"middle\" dominant-baseline=\"middle\" class=\"bilingual-label\">mg</text>\n        </g>\n    \n    </svg>"
}
 ✓ Generating static pages (90/90)
   Finalizing page optimization ...
   Collecting build traces ...

Route (app)                                                                      Size  First Load JS
┌ ○ /                                                                         10.6 kB         158 kB
├ ○ /_not-found                                                                 362 B         103 kB
├ ƒ /admin/dashboard                                                           8.7 kB         260 kB
├ ○ /admin/invoices                                                           8.56 kB         166 kB
├ ○ /admin/users                                                              18.9 kB         324 kB
├ ƒ /api/analytics/dashboard                                                    362 B         103 kB
├ ƒ /api/analytics/questions                                                    362 B         103 kB
├ ƒ /api/auth/[...nextauth]                                                     362 B         103 kB
├ ƒ /api/auth/login                                                             362 B         103 kB
├ ƒ /api/auth/logout                                                            362 B         103 kB
├ ƒ /api/auth/session                                                           362 B         103 kB
├ ƒ /api/auth/signup                                                            362 B         103 kB
├ ƒ /api/classes                                                                362 B         103 kB
├ ƒ /api/evaluators                                                             362 B         103 kB
├ ƒ /api/exam-halls                                                             362 B         103 kB
├ ƒ /api/exam-submissions                                                       362 B         103 kB
├ ƒ /api/exams                                                                  362 B         103 kB
├ ƒ /api/exams/[id]                                                             362 B         103 kB
├ ƒ /api/exams/[id]/live-monitor                                                362 B         103 kB
├ ƒ /api/exams/[id]/responses                                                   362 B         103 kB
├ ƒ /api/exams/[id]/set                                                         362 B         103 kB
├ ƒ /api/exams/[id]/start                                                       362 B         103 kB
├ ƒ /api/exams/[id]/submit                                                      362 B         103 kB
├ ƒ /api/exams/[id]/upload-image                                                362 B         103 kB
├ ƒ /api/exams/bulk                                                             362 B         103 kB
├ ƒ /api/exams/evaluations                                                      362 B         103 kB
├ ƒ /api/exams/evaluations/[id]                                                 362 B         103 kB
├ ƒ /api/exams/evaluations/[id]/drawing                                         362 B         103 kB
├ ƒ /api/exams/evaluations/[id]/get-drawing                                     362 B         103 kB
├ ƒ /api/exams/evaluations/[id]/grade                                           362 B         103 kB
├ ƒ /api/exams/evaluations/[id]/notes                                           362 B         103 kB
├ ƒ /api/exams/evaluations/[id]/review-requests                                 362 B         103 kB
├ ƒ /api/exams/evaluations/[id]/review-requests/[reviewId]/mark-under-review    362 B         103 kB
├ ƒ /api/exams/evaluations/[id]/review-requests/[reviewId]/respond              362 B         103 kB
├ ƒ /api/exams/evaluations/[id]/save-drawing                                    362 B         103 kB
├ ƒ /api/exams/evaluations/[id]/submit-all                                      362 B         103 kB
├ ƒ /api/exams/evaluations/[id]/submit-student                                  362 B         103 kB
├ ƒ /api/exams/evaluations/assign                                               362 B         103 kB
├ ƒ /api/exams/evaluations/release-results                                      362 B         103 kB
├ ƒ /api/exams/online/[id]                                                      362 B         103 kB
├ ƒ /api/exams/results/[id]                                                     362 B         103 kB
├ ƒ /api/exams/results/[id]/download                                            362 B         103 kB
├ ƒ /api/exams/results/[id]/download-individual                                 362 B         103 kB
├ ƒ /api/exams/results/[id]/download-simple                                     362 B         103 kB
├ ƒ /api/exams/results/[id]/review                                              362 B         103 kB
├ ƒ /api/exams/results/all                                                      362 B         103 kB
├ ƒ /api/fee-structures                                                         362 B         103 kB
├ ƒ /api/generate-seating                                                       362 B         103 kB
├ ƒ /api/health                                                                 362 B         103 kB
├ ƒ /api/institute                                                              362 B         103 kB
├ ƒ /api/institute/[id]/classes                                                 362 B         103 kB
├ ƒ /api/institute/me                                                           362 B         103 kB
├ ƒ /api/institute/public                                                       362 B         103 kB
├ ƒ /api/invoices                                                               362 B         103 kB
├ ƒ /api/maintenance                                                            362 B         103 kB
├ ƒ /api/notifications                                                          362 B         103 kB
├ ƒ /api/omr/process                                                            362 B         103 kB
├ ƒ /api/payments                                                               362 B         103 kB
├ ƒ /api/print/exam/[id]                                                        362 B         103 kB
├ ƒ /api/question-bank                                                          362 B         103 kB
├ ƒ /api/question-bank/bulk-upload                                              362 B         103 kB
├ ƒ /api/question-bank/manage                                                   362 B         103 kB
├ ƒ /api/question-bank/sample-template                                          362 B         103 kB
├ ƒ /api/questions                                                              362 B         103 kB
├ ƒ /api/questions/toggle-practice                                              362 B         103 kB
├ ƒ /api/results                                                                362 B         103 kB
├ ƒ /api/settings                                                               362 B         103 kB
├ ƒ /api/setup/super-user                                                       362 B         103 kB
├ ƒ /api/stats                                                                  362 B         103 kB
├ ƒ /api/student/analytics                                                      362 B         103 kB
├ ƒ /api/student/attendance                                                     362 B         103 kB
├ ƒ /api/student/notices                                                        362 B         103 kB
├ ƒ /api/student/prac-perfect/questions                                         362 B         103 kB
├ ƒ /api/student/results                                                        362 B         103 kB
├ ƒ /api/super-user/activity-logs                                               362 B         103 kB
├ ƒ /api/super-user/ai-usage                                                    362 B         103 kB
├ ƒ /api/super-user/notices                                                     362 B         103 kB
├ ƒ /api/super-user/pending-approvals                                           362 B         103 kB
├ ƒ /api/super-user/recent-exams                                                362 B         103 kB
├ ƒ /api/test-auth                                                              362 B         103 kB
├ ƒ /api/test-db                                                                362 B         103 kB
├ ƒ /api/test-env                                                               362 B         103 kB
├ ƒ /api/test-optimized                                                         362 B         103 kB
├ ƒ /api/test-simple                                                            362 B         103 kB
├ ƒ /api/upload                                                                 362 B         103 kB
├ ƒ /api/user                                                                   362 B         103 kB
├ ƒ /api/verify/[qrHash]                                                        362 B         103 kB
├ ○ /dashboard                                                                5.27 kB         115 kB
├ ○ /demo/fbd                                                                 2.38 kB         115 kB
├ ○ /demo/fbd-editor                                                          8.93 kB         157 kB
├ ○ /demo/fbd-samples                                                         6.11 kB         130 kB
├ ○ /diagrams/showcase                                                        10.2 kB         113 kB
├ ○ /exams                                                                    12.3 kB         208 kB
├ ƒ /exams/[id]                                                               18.4 kB         250 kB
├ ƒ /exams/[id]/print                                                         7.79 kB         185 kB
├ ○ /exams/create                                                             12.8 kB         360 kB
├ ○ /exams/evaluations                                                        9.37 kB         158 kB
├ ƒ /exams/evaluations/[id]                                                   26.2 kB         246 kB
├ ƒ /exams/evaluations/[id]/print/[studentId]                                 3.88 kB         185 kB
├ ƒ /exams/evaluations/[id]/results                                           3.97 kB         125 kB
├ ○ /exams/online                                                             7.72 kB         165 kB
├ ƒ /exams/online/[id]                                                        19.3 kB         203 kB
├ ○ /exams/results                                                            11.2 kB         163 kB
├ ƒ /exams/results/[id]                                                       18.8 kB         259 kB
├ ○ /icon.png                                                                     0 B            0 B
├ ○ /login                                                                    5.78 kB         184 kB
├ ○ /maintenance                                                              4.01 kB         114 kB
├ ○ /omr_scanner                                                              4.94 kB         132 kB
├ ○ /omr_scanner/template                                                     1.26 kB         110 kB
├ ○ /problem-solving                                                          4.43 kB         214 kB
├ ○ /problem-solving/review                                                   9.35 kB         186 kB
├ ○ /problem-solving/session                                                  14.4 kB         228 kB
├ ○ /question-bank                                                             257 kB         524 kB
├ ○ /setup                                                                    6.12 kB         116 kB
├ ○ /signup                                                                   8.28 kB         214 kB
├ ƒ /student/dashboard                                                        14.6 kB         259 kB
├ ○ /student/prac-perfect                                                     3.09 kB         212 kB
├ ○ /student/prac-perfect/session                                             9.62 kB         186 kB
├ ƒ /super-user/dashboard                                                     14.3 kB         261 kB
├ ○ /teacher/admit-cards                                                      1.74 kB         158 kB
├ ƒ /teacher/dashboard                                                        3.37 kB         290 kB
├ ○ /test-diagrams                                                            3.16 kB         169 kB
└ ○ /test/diagrams                                                            1.72 kB         159 kB
+ First Load JS shared by all                                                  102 kB
  ├ chunks/1255-7b1db41c1b850f97.js                                           45.5 kB
  ├ chunks/4bd1b696-182b6b13bdad92e3.js                                       54.2 kB
  └ other shared chunks (total)                                               2.52 kB


ƒ Middleware                                                                  40.6 kB

○  (Static)   prerendered as static content
ƒ  (Dynamic)  server-rendered on demand

