[2026-02-24T09:49:19.692Z] Login Error: 
Invalid `__TURBOPACK__imported__module__$5b$project$5d2f$lib$2f$db$2e$ts__$5b$app$2d$route$5d$__$28$ecmascript$29$__["default"].user.findFirst()` invocation in
/Users/md.rofazhasanrafiu/coding/digital_school/digital_school/.next/server/chunks/[root-of-the-server]__803465cc._.js:798:152

  795 }
  796 // ... find user logic ...
  797 // [Existing code for finding user and verifying password]
→ 798 const user = await __TURBOPACK__imported__module__$5b$project$5d2f$lib$2f$db$2e$ts__$5b$app$2d$route$5d$__$28$ecmascript$29$__["default"].user.findFirst({
        where: {
          email: "mdrofazhasanrafiu@gmail.com"
        },
        select: {
          id: true,
          email: true,
          phone: true,
          password: true,
          name: true,
          role: true,
          isActive: true,
          emailVerified: true,
          ~~~~~~~~~~~~~
          isApproved: true,
          instituteId: true,
          institute: {
            select: {
              id: true,
              name: true
            }
          },
          studentProfile: {
            select: {
              id: true,
              roll: true,
              registrationNo: true,
              class: {
                select: {
                  id: true,
                  name: true,
                  section: true
                }
              }
            }
          },
          teacherProfile: {
            select: {
              id: true,
              employeeId: true,
              department: true,
              subjects: true
            }
          },
      ?   avatar?: true,
      ?   lastLoginAt?: true,
      ?   createdAt?: true,
      ?   updatedAt?: true,
      ?   deletedAt?: true,
      ?   passwordResetToken?: true,
      ?   passwordResetExpires?: true,
      ?   activeSessionId?: true,
      ?   lastSessionInfo?: true,
      ?   activityAudits?: true,
      ?   admissionReviews?: true,
      ?   aiActivities?: true,
      ?   attendanceRecords?: true,
      ?   badges?: true,
      ?   billing?: true,
      ?   chatSessions?: true,
      ?   examAssignments?: true,
      ?   examEvaluations?: true,
      ?   examSets?: true,
      ?   drawings?: true,
      ?   assignedExams?: true,
      ?   createdExams?: true,
      ?   exportJobs?: true,
      ?   managedInstitute?: true,
      ?   createdInvoices?: true,
      ?   logs?: true,
      ?   notices?: true,
      ?   notifications?: true,
      ?   collectedPayments?: true,
      ?   questionBanks?: true,
      ?   questions?: true,
      ?   editedQuestions?: true,
      ?   resultReviews?: true,
      ?   _count?: true
        }
      })

Unknown field `emailVerified` for select statement on model `User`. Available options are marked with ?.
Stack: PrismaClientValidationError: 
Invalid `__TURBOPACK__imported__module__$5b$project$5d2f$lib$2f$db$2e$ts__$5b$app$2d$route$5d$__$28$ecmascript$29$__["default"].user.findFirst()` invocation in
/Users/md.rofazhasanrafiu/coding/digital_school/digital_school/.next/server/chunks/[root-of-the-server]__803465cc._.js:798:152

  795 }
  796 // ... find user logic ...
  797 // [Existing code for finding user and verifying password]
→ 798 const user = await __TURBOPACK__imported__module__$5b$project$5d2f$lib$2f$db$2e$ts__$5b$app$2d$route$5d$__$28$ecmascript$29$__["default"].user.findFirst({
        where: {
          email: "mdrofazhasanrafiu@gmail.com"
        },
        select: {
          id: true,
          email: true,
          phone: true,
          password: true,
          name: true,
          role: true,
          isActive: true,
          emailVerified: true,
          ~~~~~~~~~~~~~
          isApproved: true,
          instituteId: true,
          institute: {
            select: {
              id: true,
              name: true
            }
          },
          studentProfile: {
            select: {
              id: true,
              roll: true,
              registrationNo: true,
              class: {
                select: {
                  id: true,
                  name: true,
                  section: true
                }
              }
            }
          },
          teacherProfile: {
            select: {
              id: true,
              employeeId: true,
              department: true,
              subjects: true
            }
          },
      ?   avatar?: true,
      ?   lastLoginAt?: true,
      ?   createdAt?: true,
      ?   updatedAt?: true,
      ?   deletedAt?: true,
      ?   passwordResetToken?: true,
      ?   passwordResetExpires?: true,
      ?   activeSessionId?: true,
      ?   lastSessionInfo?: true,
      ?   activityAudits?: true,
      ?   admissionReviews?: true,
      ?   aiActivities?: true,
      ?   attendanceRecords?: true,
      ?   badges?: true,
      ?   billing?: true,
      ?   chatSessions?: true,
      ?   examAssignments?: true,
      ?   examEvaluations?: true,
      ?   examSets?: true,
      ?   drawings?: true,
      ?   assignedExams?: true,
      ?   createdExams?: true,
      ?   exportJobs?: true,
      ?   managedInstitute?: true,
      ?   createdInvoices?: true,
      ?   logs?: true,
      ?   notices?: true,
      ?   notifications?: true,
      ?   collectedPayments?: true,
      ?   questionBanks?: true,
      ?   questions?: true,
      ?   editedQuestions?: true,
      ?   resultReviews?: true,
      ?   _count?: true
        }
      })

Unknown field `emailVerified` for select statement on model `User`. Available options are marked with ?.
    at An (/Users/md.rofazhasanrafiu/coding/digital_school/digital_school/node_modules/@prisma/client/runtime/library.js:114:7526)
    at _n.handleRequestError (/Users/md.rofazhasanrafiu/coding/digital_school/digital_school/node_modules/@prisma/client/runtime/library.js:121:7392)
    at _n.handleAndLogRequestError (/Users/md.rofazhasanrafiu/coding/digital_school/digital_school/node_modules/@prisma/client/runtime/library.js:121:7057)
    at _n.request (/Users/md.rofazhasanrafiu/coding/digital_school/digital_school/node_modules/@prisma/client/runtime/library.js:121:6741)
    at async l (/Users/md.rofazhasanrafiu/coding/digital_school/digital_school/node_modules/@prisma/client/runtime/library.js:130:9355)
    at async POST (/Users/md.rofazhasanrafiu/coding/digital_school/digital_school/.next/server/chunks/[root-of-the-server]__803465cc._.js:798:22)
    at async AppRouteRouteModule.do (/Users/md.rofazhasanrafiu/coding/digital_school/digital_school/node_modules/next/dist/compiled/next-server/app-route-turbo.runtime.dev.js:5:38696)
    at async AppRouteRouteModule.handle (/Users/md.rofazhasanrafiu/coding/digital_school/digital_school/node_modules/next/dist/compiled/next-server/app-route-turbo.runtime.dev.js:5:45978)
    at async responseGenerator (/Users/md.rofazhasanrafiu/coding/digital_school/digital_school/.next/server/chunks/node_modules_next_abc2c0ce._.js:16287:38)
    at async AppRouteRouteModule.handleResponse (/Users/md.rofazhasanrafiu/coding/digital_school/digital_school/node_modules/next/dist/compiled/next-server/app-route-turbo.runtime.dev.js:1:195257)
    at async handleResponse (/Users/md.rofazhasanrafiu/coding/digital_school/digital_school/.next/server/chunks/node_modules_next_abc2c0ce._.js:16349:32)
    at async handler (/Users/md.rofazhasanrafiu/coding/digital_school/digital_school/.next/server/chunks/node_modules_next_abc2c0ce._.js:16401:13)
    at async DevServer.renderToResponseWithComponentsImpl (/Users/md.rofazhasanrafiu/coding/digital_school/digital_school/node_modules/next/dist/server/base-server.js:1422:9)
    at async DevServer.renderPageComponent (/Users/md.rofazhasanrafiu/coding/digital_school/digital_school/node_modules/next/dist/server/base-server.js:1474:24)
    at async DevServer.renderToResponseImpl (/Users/md.rofazhasanrafiu/coding/digital_school/digital_school/node_modules/next/dist/server/base-server.js:1514:32)
    at async DevServer.pipeImpl (/Users/md.rofazhasanrafiu/coding/digital_school/digital_school/node_modules/next/dist/server/base-server.js:1025:25)
    at async NextNodeServer.handleCatchallRenderRequest (/Users/md.rofazhasanrafiu/coding/digital_school/digital_school/node_modules/next/dist/server/next-server.js:393:17)
    at async DevServer.handleRequestImpl (/Users/md.rofazhasanrafiu/coding/digital_school/digital_school/node_modules/next/dist/server/base-server.js:916:17)
    at async /Users/md.rofazhasanrafiu/coding/digital_school/digital_school/node_modules/next/dist/server/dev/next-dev-server.js:400:20
    at async Span.traceAsyncFn (/Users/md.rofazhasanrafiu/coding/digital_school/digital_school/node_modules/next/dist/trace/trace.js:157:20)
    at async DevServer.handleRequest (/Users/md.rofazhasanrafiu/coding/digital_school/digital_school/node_modules/next/dist/server/dev/next-dev-server.js:396:24)
    at async invokeRender (/Users/md.rofazhasanrafiu/coding/digital_school/digital_school/node_modules/next/dist/server/lib/router-server.js:240:21)
    at async handleRequest (/Users/md.rofazhasanrafiu/coding/digital_school/digital_school/node_modules/next/dist/server/lib/router-server.js:437:24)
    at async requestHandlerImpl (/Users/md.rofazhasanrafiu/coding/digital_school/digital_school/node_modules/next/dist/server/lib/router-server.js:485:13)
    at async Server.requestListener (/Users/md.rofazhasanrafiu/coding/digital_school/digital_school/node_modules/next/dist/server/lib/start-server.js:226:13)
[2026-02-24T10:03:21.090Z] Login Error: 
Invalid `__TURBOPACK__imported__module__$5b$project$5d2f$lib$2f$db$2e$ts__$5b$app$2d$route$5d$__$28$ecmascript$29$__["default"].user.findFirst()` invocation in
/Users/md.rofazhasanrafiu/coding/digital_school/digital_school/.next/server/chunks/[root-of-the-server]__803465cc._.js:798:152

  795 }
  796 // ... find user logic ...
  797 // [Existing code for finding user and verifying password]
→ 798 const user = await __TURBOPACK__imported__module__$5b$project$5d2f$lib$2f$db$2e$ts__$5b$app$2d$route$5d$__$28$ecmascript$29$__["default"].user.findFirst({
        where: {
          email: "mdrofazhasanrafiu@gmail.com"
        },
        select: {
          id: true,
          email: true,
          phone: true,
          password: true,
          name: true,
          role: true,
          isActive: true,
          emailVerified: true,
          ~~~~~~~~~~~~~
          isApproved: true,
          instituteId: true,
          institute: {
            select: {
              id: true,
              name: true
            }
          },
          studentProfile: {
            select: {
              id: true,
              roll: true,
              registrationNo: true,
              class: {
                select: {
                  id: true,
                  name: true,
                  section: true
                }
              }
            }
          },
          teacherProfile: {
            select: {
              id: true,
              employeeId: true,
              department: true,
              subjects: true
            }
          },
      ?   avatar?: true,
      ?   lastLoginAt?: true,
      ?   createdAt?: true,
      ?   updatedAt?: true,
      ?   deletedAt?: true,
      ?   passwordResetToken?: true,
      ?   passwordResetExpires?: true,
      ?   activeSessionId?: true,
      ?   lastSessionInfo?: true,
      ?   activityAudits?: true,
      ?   admissionReviews?: true,
      ?   aiActivities?: true,
      ?   attendanceRecords?: true,
      ?   badges?: true,
      ?   billing?: true,
      ?   chatSessions?: true,
      ?   examAssignments?: true,
      ?   examEvaluations?: true,
      ?   examSets?: true,
      ?   drawings?: true,
      ?   assignedExams?: true,
      ?   createdExams?: true,
      ?   exportJobs?: true,
      ?   managedInstitute?: true,
      ?   createdInvoices?: true,
      ?   logs?: true,
      ?   notices?: true,
      ?   notifications?: true,
      ?   collectedPayments?: true,
      ?   questionBanks?: true,
      ?   questions?: true,
      ?   editedQuestions?: true,
      ?   resultReviews?: true,
      ?   _count?: true
        }
      })

Unknown field `emailVerified` for select statement on model `User`. Available options are marked with ?.
Stack: PrismaClientValidationError: 
Invalid `__TURBOPACK__imported__module__$5b$project$5d2f$lib$2f$db$2e$ts__$5b$app$2d$route$5d$__$28$ecmascript$29$__["default"].user.findFirst()` invocation in
/Users/md.rofazhasanrafiu/coding/digital_school/digital_school/.next/server/chunks/[root-of-the-server]__803465cc._.js:798:152

  795 }
  796 // ... find user logic ...
  797 // [Existing code for finding user and verifying password]
→ 798 const user = await __TURBOPACK__imported__module__$5b$project$5d2f$lib$2f$db$2e$ts__$5b$app$2d$route$5d$__$28$ecmascript$29$__["default"].user.findFirst({
        where: {
          email: "mdrofazhasanrafiu@gmail.com"
        },
        select: {
          id: true,
          email: true,
          phone: true,
          password: true,
          name: true,
          role: true,
          isActive: true,
          emailVerified: true,
          ~~~~~~~~~~~~~
          isApproved: true,
          instituteId: true,
          institute: {
            select: {
              id: true,
              name: true
            }
          },
          studentProfile: {
            select: {
              id: true,
              roll: true,
              registrationNo: true,
              class: {
                select: {
                  id: true,
                  name: true,
                  section: true
                }
              }
            }
          },
          teacherProfile: {
            select: {
              id: true,
              employeeId: true,
              department: true,
              subjects: true
            }
          },
      ?   avatar?: true,
      ?   lastLoginAt?: true,
      ?   createdAt?: true,
      ?   updatedAt?: true,
      ?   deletedAt?: true,
      ?   passwordResetToken?: true,
      ?   passwordResetExpires?: true,
      ?   activeSessionId?: true,
      ?   lastSessionInfo?: true,
      ?   activityAudits?: true,
      ?   admissionReviews?: true,
      ?   aiActivities?: true,
      ?   attendanceRecords?: true,
      ?   badges?: true,
      ?   billing?: true,
      ?   chatSessions?: true,
      ?   examAssignments?: true,
      ?   examEvaluations?: true,
      ?   examSets?: true,
      ?   drawings?: true,
      ?   assignedExams?: true,
      ?   createdExams?: true,
      ?   exportJobs?: true,
      ?   managedInstitute?: true,
      ?   createdInvoices?: true,
      ?   logs?: true,
      ?   notices?: true,
      ?   notifications?: true,
      ?   collectedPayments?: true,
      ?   questionBanks?: true,
      ?   questions?: true,
      ?   editedQuestions?: true,
      ?   resultReviews?: true,
      ?   _count?: true
        }
      })

Unknown field `emailVerified` for select statement on model `User`. Available options are marked with ?.
    at An (/Users/md.rofazhasanrafiu/coding/digital_school/digital_school/node_modules/@prisma/client/runtime/library.js:114:7526)
    at _n.handleRequestError (/Users/md.rofazhasanrafiu/coding/digital_school/digital_school/node_modules/@prisma/client/runtime/library.js:121:7392)
    at _n.handleAndLogRequestError (/Users/md.rofazhasanrafiu/coding/digital_school/digital_school/node_modules/@prisma/client/runtime/library.js:121:7057)
    at _n.request (/Users/md.rofazhasanrafiu/coding/digital_school/digital_school/node_modules/@prisma/client/runtime/library.js:121:6741)
    at async l (/Users/md.rofazhasanrafiu/coding/digital_school/digital_school/node_modules/@prisma/client/runtime/library.js:130:9355)
    at async POST (/Users/md.rofazhasanrafiu/coding/digital_school/digital_school/.next/server/chunks/[root-of-the-server]__803465cc._.js:798:22)
    at async AppRouteRouteModule.do (/Users/md.rofazhasanrafiu/coding/digital_school/digital_school/node_modules/next/dist/compiled/next-server/app-route-turbo.runtime.dev.js:5:38696)
    at async AppRouteRouteModule.handle (/Users/md.rofazhasanrafiu/coding/digital_school/digital_school/node_modules/next/dist/compiled/next-server/app-route-turbo.runtime.dev.js:5:45978)
    at async responseGenerator (/Users/md.rofazhasanrafiu/coding/digital_school/digital_school/.next/server/chunks/node_modules_next_abc2c0ce._.js:16287:38)
    at async AppRouteRouteModule.handleResponse (/Users/md.rofazhasanrafiu/coding/digital_school/digital_school/node_modules/next/dist/compiled/next-server/app-route-turbo.runtime.dev.js:1:195257)
    at async handleResponse (/Users/md.rofazhasanrafiu/coding/digital_school/digital_school/.next/server/chunks/node_modules_next_abc2c0ce._.js:16349:32)
    at async handler (/Users/md.rofazhasanrafiu/coding/digital_school/digital_school/.next/server/chunks/node_modules_next_abc2c0ce._.js:16401:13)
    at async DevServer.renderToResponseWithComponentsImpl (/Users/md.rofazhasanrafiu/coding/digital_school/digital_school/node_modules/next/dist/server/base-server.js:1422:9)
    at async DevServer.renderPageComponent (/Users/md.rofazhasanrafiu/coding/digital_school/digital_school/node_modules/next/dist/server/base-server.js:1474:24)
    at async DevServer.renderToResponseImpl (/Users/md.rofazhasanrafiu/coding/digital_school/digital_school/node_modules/next/dist/server/base-server.js:1514:32)
    at async DevServer.pipeImpl (/Users/md.rofazhasanrafiu/coding/digital_school/digital_school/node_modules/next/dist/server/base-server.js:1025:25)
    at async NextNodeServer.handleCatchallRenderRequest (/Users/md.rofazhasanrafiu/coding/digital_school/digital_school/node_modules/next/dist/server/next-server.js:393:17)
    at async DevServer.handleRequestImpl (/Users/md.rofazhasanrafiu/coding/digital_school/digital_school/node_modules/next/dist/server/base-server.js:916:17)
    at async /Users/md.rofazhasanrafiu/coding/digital_school/digital_school/node_modules/next/dist/server/dev/next-dev-server.js:400:20
    at async Span.traceAsyncFn (/Users/md.rofazhasanrafiu/coding/digital_school/digital_school/node_modules/next/dist/trace/trace.js:157:20)
    at async DevServer.handleRequest (/Users/md.rofazhasanrafiu/coding/digital_school/digital_school/node_modules/next/dist/server/dev/next-dev-server.js:396:24)
    at async invokeRender (/Users/md.rofazhasanrafiu/coding/digital_school/digital_school/node_modules/next/dist/server/lib/router-server.js:240:21)
    at async handleRequest (/Users/md.rofazhasanrafiu/coding/digital_school/digital_school/node_modules/next/dist/server/lib/router-server.js:437:24)
    at async requestHandlerImpl (/Users/md.rofazhasanrafiu/coding/digital_school/digital_school/node_modules/next/dist/server/lib/router-server.js:485:13)
    at async Server.requestListener (/Users/md.rofazhasanrafiu/coding/digital_school/digital_school/node_modules/next/dist/server/lib/start-server.js:226:13)
[2026-02-24T10:03:52.615Z] Login Error: 
Invalid `__TURBOPACK__imported__module__$5b$project$5d2f$lib$2f$db$2e$ts__$5b$app$2d$route$5d$__$28$ecmascript$29$__["default"].user.findFirst()` invocation in
/Users/md.rofazhasanrafiu/coding/digital_school/digital_school/.next/server/chunks/[root-of-the-server]__803465cc._.js:798:152

  795 }
  796 // ... find user logic ...
  797 // [Existing code for finding user and verifying password]
→ 798 const user = await __TURBOPACK__imported__module__$5b$project$5d2f$lib$2f$db$2e$ts__$5b$app$2d$route$5d$__$28$ecmascript$29$__["default"].user.findFirst({
        where: {
          email: "mdrofazhasanrafiu@gmail.com"
        },
        select: {
          id: true,
          email: true,
          phone: true,
          password: true,
          name: true,
          role: true,
          isActive: true,
          emailVerified: true,
          ~~~~~~~~~~~~~
          isApproved: true,
          instituteId: true,
          institute: {
            select: {
              id: true,
              name: true
            }
          },
          studentProfile: {
            select: {
              id: true,
              roll: true,
              registrationNo: true,
              class: {
                select: {
                  id: true,
                  name: true,
                  section: true
                }
              }
            }
          },
          teacherProfile: {
            select: {
              id: true,
              employeeId: true,
              department: true,
              subjects: true
            }
          },
      ?   avatar?: true,
      ?   lastLoginAt?: true,
      ?   createdAt?: true,
      ?   updatedAt?: true,
      ?   deletedAt?: true,
      ?   passwordResetToken?: true,
      ?   passwordResetExpires?: true,
      ?   activeSessionId?: true,
      ?   lastSessionInfo?: true,
      ?   activityAudits?: true,
      ?   admissionReviews?: true,
      ?   aiActivities?: true,
      ?   attendanceRecords?: true,
      ?   badges?: true,
      ?   billing?: true,
      ?   chatSessions?: true,
      ?   examAssignments?: true,
      ?   examEvaluations?: true,
      ?   examSets?: true,
      ?   drawings?: true,
      ?   assignedExams?: true,
      ?   createdExams?: true,
      ?   exportJobs?: true,
      ?   managedInstitute?: true,
      ?   createdInvoices?: true,
      ?   logs?: true,
      ?   notices?: true,
      ?   notifications?: true,
      ?   collectedPayments?: true,
      ?   questionBanks?: true,
      ?   questions?: true,
      ?   editedQuestions?: true,
      ?   resultReviews?: true,
      ?   _count?: true
        }
      })

Unknown field `emailVerified` for select statement on model `User`. Available options are marked with ?.
Stack: PrismaClientValidationError: 
Invalid `__TURBOPACK__imported__module__$5b$project$5d2f$lib$2f$db$2e$ts__$5b$app$2d$route$5d$__$28$ecmascript$29$__["default"].user.findFirst()` invocation in
/Users/md.rofazhasanrafiu/coding/digital_school/digital_school/.next/server/chunks/[root-of-the-server]__803465cc._.js:798:152

  795 }
  796 // ... find user logic ...
  797 // [Existing code for finding user and verifying password]
→ 798 const user = await __TURBOPACK__imported__module__$5b$project$5d2f$lib$2f$db$2e$ts__$5b$app$2d$route$5d$__$28$ecmascript$29$__["default"].user.findFirst({
        where: {
          email: "mdrofazhasanrafiu@gmail.com"
        },
        select: {
          id: true,
          email: true,
          phone: true,
          password: true,
          name: true,
          role: true,
          isActive: true,
          emailVerified: true,
          ~~~~~~~~~~~~~
          isApproved: true,
          instituteId: true,
          institute: {
            select: {
              id: true,
              name: true
            }
          },
          studentProfile: {
            select: {
              id: true,
              roll: true,
              registrationNo: true,
              class: {
                select: {
                  id: true,
                  name: true,
                  section: true
                }
              }
            }
          },
          teacherProfile: {
            select: {
              id: true,
              employeeId: true,
              department: true,
              subjects: true
            }
          },
      ?   avatar?: true,
      ?   lastLoginAt?: true,
      ?   createdAt?: true,
      ?   updatedAt?: true,
      ?   deletedAt?: true,
      ?   passwordResetToken?: true,
      ?   passwordResetExpires?: true,
      ?   activeSessionId?: true,
      ?   lastSessionInfo?: true,
      ?   activityAudits?: true,
      ?   admissionReviews?: true,
      ?   aiActivities?: true,
      ?   attendanceRecords?: true,
      ?   badges?: true,
      ?   billing?: true,
      ?   chatSessions?: true,
      ?   examAssignments?: true,
      ?   examEvaluations?: true,
      ?   examSets?: true,
      ?   drawings?: true,
      ?   assignedExams?: true,
      ?   createdExams?: true,
      ?   exportJobs?: true,
      ?   managedInstitute?: true,
      ?   createdInvoices?: true,
      ?   logs?: true,
      ?   notices?: true,
      ?   notifications?: true,
      ?   collectedPayments?: true,
      ?   questionBanks?: true,
      ?   questions?: true,
      ?   editedQuestions?: true,
      ?   resultReviews?: true,
      ?   _count?: true
        }
      })

Unknown field `emailVerified` for select statement on model `User`. Available options are marked with ?.
    at An (/Users/md.rofazhasanrafiu/coding/digital_school/digital_school/node_modules/@prisma/client/runtime/library.js:114:7526)
    at _n.handleRequestError (/Users/md.rofazhasanrafiu/coding/digital_school/digital_school/node_modules/@prisma/client/runtime/library.js:121:7392)
    at _n.handleAndLogRequestError (/Users/md.rofazhasanrafiu/coding/digital_school/digital_school/node_modules/@prisma/client/runtime/library.js:121:7057)
    at _n.request (/Users/md.rofazhasanrafiu/coding/digital_school/digital_school/node_modules/@prisma/client/runtime/library.js:121:6741)
    at async l (/Users/md.rofazhasanrafiu/coding/digital_school/digital_school/node_modules/@prisma/client/runtime/library.js:130:9355)
    at async POST (/Users/md.rofazhasanrafiu/coding/digital_school/digital_school/.next/server/chunks/[root-of-the-server]__803465cc._.js:798:22)
    at async AppRouteRouteModule.do (/Users/md.rofazhasanrafiu/coding/digital_school/digital_school/node_modules/next/dist/compiled/next-server/app-route-turbo.runtime.dev.js:5:38696)
    at async AppRouteRouteModule.handle (/Users/md.rofazhasanrafiu/coding/digital_school/digital_school/node_modules/next/dist/compiled/next-server/app-route-turbo.runtime.dev.js:5:45978)
    at async responseGenerator (/Users/md.rofazhasanrafiu/coding/digital_school/digital_school/.next/server/chunks/node_modules_next_abc2c0ce._.js:16287:38)
    at async AppRouteRouteModule.handleResponse (/Users/md.rofazhasanrafiu/coding/digital_school/digital_school/node_modules/next/dist/compiled/next-server/app-route-turbo.runtime.dev.js:1:195257)
    at async handleResponse (/Users/md.rofazhasanrafiu/coding/digital_school/digital_school/.next/server/chunks/node_modules_next_abc2c0ce._.js:16349:32)
    at async handler (/Users/md.rofazhasanrafiu/coding/digital_school/digital_school/.next/server/chunks/node_modules_next_abc2c0ce._.js:16401:13)
    at async DevServer.renderToResponseWithComponentsImpl (/Users/md.rofazhasanrafiu/coding/digital_school/digital_school/node_modules/next/dist/server/base-server.js:1422:9)
    at async DevServer.renderPageComponent (/Users/md.rofazhasanrafiu/coding/digital_school/digital_school/node_modules/next/dist/server/base-server.js:1474:24)
    at async DevServer.renderToResponseImpl (/Users/md.rofazhasanrafiu/coding/digital_school/digital_school/node_modules/next/dist/server/base-server.js:1514:32)
    at async DevServer.pipeImpl (/Users/md.rofazhasanrafiu/coding/digital_school/digital_school/node_modules/next/dist/server/base-server.js:1025:25)
    at async NextNodeServer.handleCatchallRenderRequest (/Users/md.rofazhasanrafiu/coding/digital_school/digital_school/node_modules/next/dist/server/next-server.js:393:17)
    at async DevServer.handleRequestImpl (/Users/md.rofazhasanrafiu/coding/digital_school/digital_school/node_modules/next/dist/server/base-server.js:916:17)
    at async /Users/md.rofazhasanrafiu/coding/digital_school/digital_school/node_modules/next/dist/server/dev/next-dev-server.js:400:20
    at async Span.traceAsyncFn (/Users/md.rofazhasanrafiu/coding/digital_school/digital_school/node_modules/next/dist/trace/trace.js:157:20)
    at async DevServer.handleRequest (/Users/md.rofazhasanrafiu/coding/digital_school/digital_school/node_modules/next/dist/server/dev/next-dev-server.js:396:24)
    at async invokeRender (/Users/md.rofazhasanrafiu/coding/digital_school/digital_school/node_modules/next/dist/server/lib/router-server.js:240:21)
    at async handleRequest (/Users/md.rofazhasanrafiu/coding/digital_school/digital_school/node_modules/next/dist/server/lib/router-server.js:437:24)
    at async requestHandlerImpl (/Users/md.rofazhasanrafiu/coding/digital_school/digital_school/node_modules/next/dist/server/lib/router-server.js:485:13)
    at async Server.requestListener (/Users/md.rofazhasanrafiu/coding/digital_school/digital_school/node_modules/next/dist/server/lib/start-server.js:226:13)
